2023-06-14 14:24:08.370  INFO 2552 --- [main] com.lyy.express.ExpressApplication       : Starting ExpressApplication using Java 1.8.0_152 on zhw with PID 2552 (D:\WorkApps\Idea\IntelliJ IDEA 2022.1.1\workspace\Express\target\classes started by 27414 in D:\WorkApps\Idea\IntelliJ IDEA 2022.1.1\workspace\Express)
2023-06-14 14:24:08.378  INFO 2552 --- [main] com.lyy.express.ExpressApplication       : No active profile set, falling back to 1 default profile: "default"
2023-06-14 14:24:09.539  INFO 2552 --- [main] o.s.b.w.embedded.tomcat.TomcatWebServer  : Tomcat initialized with port(s): 8081 (http)
2023-06-14 14:24:09.554  INFO 2552 --- [main] o.apache.catalina.core.StandardService   : Starting service [Tomcat]
2023-06-14 14:24:09.554  INFO 2552 --- [main] org.apache.catalina.core.StandardEngine  : Starting Servlet engine: [Apache Tomcat/9.0.75]
2023-06-14 14:24:09.699  INFO 2552 --- [main] o.a.c.c.C.[Tomcat].[localhost].[/]       : Initializing Spring embedded WebApplicationContext
2023-06-14 14:24:09.699  INFO 2552 --- [main] w.s.c.ServletWebServerApplicationContext : Root WebApplicationContext: initialization completed in 1254 ms
2023-06-14 14:24:10.174  INFO 2552 --- [main] o.s.b.w.embedded.tomcat.TomcatWebServer  : Tomcat started on port(s): 8081 (http) with context path ''
2023-06-14 14:24:10.199  INFO 2552 --- [main] com.lyy.express.ExpressApplication       : Started ExpressApplication in 2.273 seconds (JVM running for 3.269)
2023-06-14 15:04:01.118  INFO 3612 --- [main] com.lyy.express.ExpressApplication       : Starting ExpressApplication using Java 1.8.0_152 on zhw with PID 3612 (D:\WorkApps\Idea\IntelliJ IDEA 2022.1.1\workspace\Express\target\classes started by 27414 in D:\WorkApps\Idea\IntelliJ IDEA 2022.1.1\workspace\Express)
2023-06-14 15:04:01.118  INFO 3612 --- [main] com.lyy.express.ExpressApplication       : No active profile set, falling back to 1 default profile: "default"
2023-06-14 15:04:01.999  INFO 3612 --- [main] o.s.b.w.embedded.tomcat.TomcatWebServer  : Tomcat initialized with port(s): 8081 (http)
2023-06-14 15:04:02.007  INFO 3612 --- [main] o.apache.catalina.core.StandardService   : Starting service [Tomcat]
2023-06-14 15:04:02.007  INFO 3612 --- [main] org.apache.catalina.core.StandardEngine  : Starting Servlet engine: [Apache Tomcat/9.0.75]
2023-06-14 15:04:02.113  INFO 3612 --- [main] o.a.c.c.C.[Tomcat].[localhost].[/]       : Initializing Spring embedded WebApplicationContext
2023-06-14 15:04:02.113  INFO 3612 --- [main] w.s.c.ServletWebServerApplicationContext : Root WebApplicationContext: initialization completed in 954 ms
2023-06-14 15:04:02.474  INFO 3612 --- [main] o.s.b.w.embedded.tomcat.TomcatWebServer  : Tomcat started on port(s): 8081 (http) with context path ''
2023-06-14 15:04:02.486  INFO 3612 --- [main] com.lyy.express.ExpressApplication       : Started ExpressApplication in 1.649 seconds (JVM running for 2.307)
2023-06-14 15:04:27.571  INFO 3612 --- [http-nio-8081-exec-1] o.a.c.c.C.[Tomcat].[localhost].[/]       : Initializing Spring DispatcherServlet 'dispatcherServlet'
2023-06-14 15:04:27.571  INFO 3612 --- [http-nio-8081-exec-1] o.s.web.servlet.DispatcherServlet        : Initializing Servlet 'dispatcherServlet'
2023-06-14 15:04:27.572  INFO 3612 --- [http-nio-8081-exec-1] o.s.web.servlet.DispatcherServlet        : Completed initialization in 1 ms
2023-06-14 15:04:46.509  INFO 4204 --- [main] com.lyy.express.ExpressApplication       : Starting ExpressApplication using Java 1.8.0_152 on zhw with PID 4204 (D:\WorkApps\Idea\IntelliJ IDEA 2022.1.1\workspace\Express\target\classes started by 27414 in D:\WorkApps\Idea\IntelliJ IDEA 2022.1.1\workspace\Express)
2023-06-14 15:04:46.514  INFO 4204 --- [main] com.lyy.express.ExpressApplication       : No active profile set, falling back to 1 default profile: "default"
2023-06-14 15:04:47.103  INFO 4204 --- [main] o.s.b.w.embedded.tomcat.TomcatWebServer  : Tomcat initialized with port(s): 8081 (http)
2023-06-14 15:04:47.113  INFO 4204 --- [main] o.apache.catalina.core.StandardService   : Starting service [Tomcat]
2023-06-14 15:04:47.113  INFO 4204 --- [main] org.apache.catalina.core.StandardEngine  : Starting Servlet engine: [Apache Tomcat/9.0.75]
2023-06-14 15:04:47.193  INFO 4204 --- [main] o.a.c.c.C.[Tomcat].[localhost].[/]       : Initializing Spring embedded WebApplicationContext
2023-06-14 15:04:47.193  INFO 4204 --- [main] w.s.c.ServletWebServerApplicationContext : Root WebApplicationContext: initialization completed in 650 ms
2023-06-14 15:04:47.464  INFO 4204 --- [main] o.s.b.w.embedded.tomcat.TomcatWebServer  : Tomcat started on port(s): 8081 (http) with context path ''
2023-06-14 15:04:47.469  INFO 4204 --- [main] com.lyy.express.ExpressApplication       : Started ExpressApplication in 1.232 seconds (JVM running for 1.641)
2023-06-14 15:05:45.564  INFO 4204 --- [http-nio-8081-exec-1] o.a.c.c.C.[Tomcat].[localhost].[/]       : Initializing Spring DispatcherServlet 'dispatcherServlet'
2023-06-14 15:05:45.564  INFO 4204 --- [http-nio-8081-exec-1] o.s.web.servlet.DispatcherServlet        : Initializing Servlet 'dispatcherServlet'
2023-06-14 15:05:45.565  INFO 4204 --- [http-nio-8081-exec-1] o.s.web.servlet.DispatcherServlet        : Completed initialization in 1 ms
2023-06-14 15:05:45.690  INFO 4204 --- [http-nio-8081-exec-1] com.zaxxer.hikari.HikariDataSource       : HikariPool-1 - Starting...
2023-06-14 15:05:45.775  INFO 4204 --- [http-nio-8081-exec-1] com.zaxxer.hikari.HikariDataSource       : HikariPool-1 - Start completed.
2023-06-14 15:05:45.798  INFO 4204 --- [http-nio-8081-exec-1] c.lyy.express.Controller.UserController  : 登录失败
2023-06-14 15:05:46.468  INFO 4204 --- [http-nio-8081-exec-6] c.l.e.Controller.PostmanController       : 登录失败
2023-06-14 15:06:02.074  INFO 4204 --- [SpringApplicationShutdownHook] com.zaxxer.hikari.HikariDataSource       : HikariPool-1 - Shutdown initiated...
2023-06-14 15:06:02.074  INFO 4204 --- [SpringApplicationShutdownHook] com.zaxxer.hikari.HikariDataSource       : HikariPool-1 - Shutdown completed.
2023-06-14 15:06:05.234  INFO 6616 --- [main] com.lyy.express.ExpressApplication       : Starting ExpressApplication using Java 1.8.0_152 on zhw with PID 6616 (D:\WorkApps\Idea\IntelliJ IDEA 2022.1.1\workspace\Express\target\classes started by 27414 in D:\WorkApps\Idea\IntelliJ IDEA 2022.1.1\workspace\Express)
2023-06-14 15:06:05.235  INFO 6616 --- [main] com.lyy.express.ExpressApplication       : No active profile set, falling back to 1 default profile: "default"
2023-06-14 15:06:05.723  INFO 6616 --- [main] o.s.b.w.embedded.tomcat.TomcatWebServer  : Tomcat initialized with port(s): 8081 (http)
2023-06-14 15:06:05.730  INFO 6616 --- [main] o.apache.catalina.core.StandardService   : Starting service [Tomcat]
2023-06-14 15:06:05.730  INFO 6616 --- [main] org.apache.catalina.core.StandardEngine  : Starting Servlet engine: [Apache Tomcat/9.0.75]
2023-06-14 15:06:05.794  INFO 6616 --- [main] o.a.c.c.C.[Tomcat].[localhost].[/]       : Initializing Spring embedded WebApplicationContext
2023-06-14 15:06:05.794  INFO 6616 --- [main] w.s.c.ServletWebServerApplicationContext : Root WebApplicationContext: initialization completed in 541 ms
2023-06-14 15:06:06.043  INFO 6616 --- [main] o.s.b.w.embedded.tomcat.TomcatWebServer  : Tomcat started on port(s): 8081 (http) with context path ''
2023-06-14 15:06:06.047  INFO 6616 --- [main] com.lyy.express.ExpressApplication       : Started ExpressApplication in 1.018 seconds (JVM running for 1.426)
2023-06-14 15:06:14.463  INFO 6616 --- [http-nio-8081-exec-1] o.a.c.c.C.[Tomcat].[localhost].[/]       : Initializing Spring DispatcherServlet 'dispatcherServlet'
2023-06-14 15:06:14.463  INFO 6616 --- [http-nio-8081-exec-1] o.s.web.servlet.DispatcherServlet        : Initializing Servlet 'dispatcherServlet'
2023-06-14 15:06:14.463  INFO 6616 --- [http-nio-8081-exec-1] o.s.web.servlet.DispatcherServlet        : Completed initialization in 0 ms
2023-06-14 15:06:14.583  INFO 6616 --- [http-nio-8081-exec-1] com.zaxxer.hikari.HikariDataSource       : HikariPool-1 - Starting...
2023-06-14 15:06:14.643  INFO 6616 --- [http-nio-8081-exec-1] com.zaxxer.hikari.HikariDataSource       : HikariPool-1 - Start completed.
2023-06-14 15:06:14.664  INFO 6616 --- [http-nio-8081-exec-1] c.l.e.Controller.NodeManagerController   : 登录成功
2023-06-14 15:07:24.593  INFO 6616 --- [http-nio-8081-exec-2] c.lyy.express.Controller.UserController  : 登录失败
2023-06-14 15:07:25.221  INFO 6616 --- [http-nio-8081-exec-4] c.l.e.Controller.NodeManagerController   : 登录成功
2023-06-14 15:18:28.520  INFO 6616 --- [http-nio-8081-exec-10] c.l.e.Controller.NodeManagerController   : 登录成功
2023-06-14 15:19:32.248  INFO 6616 --- [http-nio-8081-exec-8] c.l.e.Controller.NodeManagerController   : 登录成功
2023-06-14 15:19:43.754  INFO 6616 --- [http-nio-8081-exec-9] c.l.e.Controller.NodeManagerController   : 登录成功
2023-06-14 15:19:44.310  INFO 6616 --- [http-nio-8081-exec-6] c.l.e.Controller.NodeManagerController   : 登录成功
2023-06-14 15:29:12.267  INFO 6616 --- [SpringApplicationShutdownHook] com.zaxxer.hikari.HikariDataSource       : HikariPool-1 - Shutdown initiated...
2023-06-14 15:29:12.267  INFO 6616 --- [SpringApplicationShutdownHook] com.zaxxer.hikari.HikariDataSource       : HikariPool-1 - Shutdown completed.
2023-06-14 15:29:15.151  INFO 11752 --- [main] com.lyy.express.ExpressApplication       : Starting ExpressApplication using Java 1.8.0_152 on zhw with PID 11752 (D:\WorkApps\Idea\IntelliJ IDEA 2022.1.1\workspace\Express\target\classes started by 27414 in D:\WorkApps\Idea\IntelliJ IDEA 2022.1.1\workspace\Express)
2023-06-14 15:29:15.156  INFO 11752 --- [main] com.lyy.express.ExpressApplication       : No active profile set, falling back to 1 default profile: "default"
2023-06-14 15:29:15.687  INFO 11752 --- [main] o.s.b.w.embedded.tomcat.TomcatWebServer  : Tomcat initialized with port(s): 8081 (http)
2023-06-14 15:29:15.687  INFO 11752 --- [main] o.apache.catalina.core.StandardService   : Starting service [Tomcat]
2023-06-14 15:29:15.687  INFO 11752 --- [main] org.apache.catalina.core.StandardEngine  : Starting Servlet engine: [Apache Tomcat/9.0.75]
2023-06-14 15:29:15.760  INFO 11752 --- [main] o.a.c.c.C.[Tomcat].[localhost].[/]       : Initializing Spring embedded WebApplicationContext
2023-06-14 15:29:15.760  INFO 11752 --- [main] w.s.c.ServletWebServerApplicationContext : Root WebApplicationContext: initialization completed in 573 ms
2023-06-14 15:29:16.029  INFO 11752 --- [main] o.s.b.w.embedded.tomcat.TomcatWebServer  : Tomcat started on port(s): 8081 (http) with context path ''
2023-06-14 15:29:16.036  INFO 11752 --- [main] com.lyy.express.ExpressApplication       : Started ExpressApplication in 1.079 seconds (JVM running for 1.476)
2023-06-14 15:29:32.805  INFO 11752 --- [http-nio-8081-exec-1] o.a.c.c.C.[Tomcat].[localhost].[/]       : Initializing Spring DispatcherServlet 'dispatcherServlet'
2023-06-14 15:29:32.805  INFO 11752 --- [http-nio-8081-exec-1] o.s.web.servlet.DispatcherServlet        : Initializing Servlet 'dispatcherServlet'
2023-06-14 15:29:32.805  INFO 11752 --- [http-nio-8081-exec-1] o.s.web.servlet.DispatcherServlet        : Completed initialization in 0 ms
2023-06-14 15:29:32.926  INFO 11752 --- [http-nio-8081-exec-1] com.zaxxer.hikari.HikariDataSource       : HikariPool-1 - Starting...
2023-06-14 15:29:32.994  INFO 11752 --- [http-nio-8081-exec-1] com.zaxxer.hikari.HikariDataSource       : HikariPool-1 - Start completed.
2023-06-14 15:29:33.013  INFO 11752 --- [http-nio-8081-exec-1] c.l.e.Controller.NodeManagerController   : 登录成功
2023-06-14 15:30:40.407  INFO 11752 --- [http-nio-8081-exec-2] c.l.e.Controller.NodeManagerController   : 登录成功
2023-06-14 15:31:53.756  INFO 11752 --- [http-nio-8081-exec-6] c.lyy.express.Controller.UserController  : 登录失败
2023-06-14 15:31:55.537  INFO 11752 --- [http-nio-8081-exec-8] c.l.e.Controller.NodeManagerController   : 登录成功
2023-06-14 15:48:14.294  INFO 11752 --- [SpringApplicationShutdownHook] com.zaxxer.hikari.HikariDataSource       : HikariPool-1 - Shutdown initiated...
2023-06-14 15:48:14.300  INFO 11752 --- [SpringApplicationShutdownHook] com.zaxxer.hikari.HikariDataSource       : HikariPool-1 - Shutdown completed.
2023-06-14 15:48:17.434  INFO 15428 --- [main] com.lyy.express.ExpressApplication       : Starting ExpressApplication using Java 1.8.0_152 on zhw with PID 15428 (D:\WorkApps\Idea\IntelliJ IDEA 2022.1.1\workspace\Express\target\classes started by 27414 in D:\WorkApps\Idea\IntelliJ IDEA 2022.1.1\workspace\Express)
2023-06-14 15:48:17.444  INFO 15428 --- [main] com.lyy.express.ExpressApplication       : No active profile set, falling back to 1 default profile: "default"
2023-06-14 15:48:18.212  INFO 15428 --- [main] o.s.b.w.embedded.tomcat.TomcatWebServer  : Tomcat initialized with port(s): 8081 (http)
2023-06-14 15:48:18.220  INFO 15428 --- [main] o.apache.catalina.core.StandardService   : Starting service [Tomcat]
2023-06-14 15:48:18.220  INFO 15428 --- [main] org.apache.catalina.core.StandardEngine  : Starting Servlet engine: [Apache Tomcat/9.0.75]
2023-06-14 15:48:18.310  INFO 15428 --- [main] o.a.c.c.C.[Tomcat].[localhost].[/]       : Initializing Spring embedded WebApplicationContext
2023-06-14 15:48:18.310  INFO 15428 --- [main] w.s.c.ServletWebServerApplicationContext : Root WebApplicationContext: initialization completed in 836 ms
2023-06-14 15:48:18.644  INFO 15428 --- [main] o.s.b.w.embedded.tomcat.TomcatWebServer  : Tomcat started on port(s): 8081 (http) with context path ''
2023-06-14 15:48:18.644  INFO 15428 --- [main] com.lyy.express.ExpressApplication       : Started ExpressApplication in 1.486 seconds (JVM running for 1.88)
2023-06-14 15:48:34.068  INFO 15428 --- [http-nio-8081-exec-1] o.a.c.c.C.[Tomcat].[localhost].[/]       : Initializing Spring DispatcherServlet 'dispatcherServlet'
2023-06-14 15:48:34.069  INFO 15428 --- [http-nio-8081-exec-1] o.s.web.servlet.DispatcherServlet        : Initializing Servlet 'dispatcherServlet'
2023-06-14 15:48:34.069  INFO 15428 --- [http-nio-8081-exec-1] o.s.web.servlet.DispatcherServlet        : Completed initialization in 0 ms
2023-06-14 15:48:34.170  INFO 15428 --- [http-nio-8081-exec-1] com.zaxxer.hikari.HikariDataSource       : HikariPool-1 - Starting...
2023-06-14 15:48:34.234  INFO 15428 --- [http-nio-8081-exec-1] com.zaxxer.hikari.HikariDataSource       : HikariPool-1 - Start completed.
2023-06-14 15:48:34.253  INFO 15428 --- [http-nio-8081-exec-1] c.l.e.Controller.NodeManagerController   : 登录成功
2023-06-14 15:49:12.201  INFO 15428 --- [http-nio-8081-exec-3] c.l.e.Controller.NodeManagerController   : 登录成功
2023-06-14 15:49:23.623 ERROR 15428 --- [http-nio-8081-exec-8] o.a.c.c.C.[.[.[/].[dispatcherServlet]    : Servlet.service() for servlet [dispatcherServlet] in context with path [] threw exception [Request processing failed; nested exception is org.springframework.dao.DataIntegrityViolationException: 
### Error updating database.  Cause: java.sql.SQLIntegrityConstraintViolationException: Column 'username' cannot be null
### The error may exist in com/lyy/express/Mapper/PostmanMapper.java (best guess)
### The error may involve com.lyy.express.Mapper.PostmanMapper.addPostman-Inline
### The error occurred while setting parameters
### SQL: insert into postman (username, pwd,node) values (?, ?, ?)
### Cause: java.sql.SQLIntegrityConstraintViolationException: Column 'username' cannot be null
; Column 'username' cannot be null; nested exception is java.sql.SQLIntegrityConstraintViolationException: Column 'username' cannot be null] with root cause

java.sql.SQLIntegrityConstraintViolationException: Column 'username' cannot be null
	at com.mysql.cj.jdbc.exceptions.SQLError.createSQLException(SQLError.java:118) ~[mysql-connector-j-8.0.33.jar:8.0.33]
	at com.mysql.cj.jdbc.exceptions.SQLExceptionsMapping.translateException(SQLExceptionsMapping.java:122) ~[mysql-connector-j-8.0.33.jar:8.0.33]
	at com.mysql.cj.jdbc.ClientPreparedStatement.executeInternal(ClientPreparedStatement.java:916) ~[mysql-connector-j-8.0.33.jar:8.0.33]
	at com.mysql.cj.jdbc.ClientPreparedStatement.execute(ClientPreparedStatement.java:354) ~[mysql-connector-j-8.0.33.jar:8.0.33]
	at com.zaxxer.hikari.pool.ProxyPreparedStatement.execute(ProxyPreparedStatement.java:44) ~[HikariCP-4.0.3.jar:na]
	at com.zaxxer.hikari.pool.HikariProxyPreparedStatement.execute(HikariProxyPreparedStatement.java) ~[HikariCP-4.0.3.jar:na]
	at org.apache.ibatis.executor.statement.PreparedStatementHandler.update(PreparedStatementHandler.java:47) ~[mybatis-3.5.11.jar:3.5.11]
	at org.apache.ibatis.executor.statement.RoutingStatementHandler.update(RoutingStatementHandler.java:74) ~[mybatis-3.5.11.jar:3.5.11]
	at org.apache.ibatis.executor.SimpleExecutor.doUpdate(SimpleExecutor.java:50) ~[mybatis-3.5.11.jar:3.5.11]
	at org.apache.ibatis.executor.BaseExecutor.update(BaseExecutor.java:117) ~[mybatis-3.5.11.jar:3.5.11]
	at org.apache.ibatis.executor.CachingExecutor.update(CachingExecutor.java:76) ~[mybatis-3.5.11.jar:3.5.11]
	at org.apache.ibatis.session.defaults.DefaultSqlSession.update(DefaultSqlSession.java:194) ~[mybatis-3.5.11.jar:3.5.11]
	at sun.reflect.NativeMethodAccessorImpl.invoke0(Native Method) ~[na:1.8.0_152]
	at sun.reflect.NativeMethodAccessorImpl.invoke(NativeMethodAccessorImpl.java:62) ~[na:1.8.0_152]
	at sun.reflect.DelegatingMethodAccessorImpl.invoke(DelegatingMethodAccessorImpl.java:43) ~[na:1.8.0_152]
	at java.lang.reflect.Method.invoke(Method.java:498) ~[na:1.8.0_152]
	at org.mybatis.spring.SqlSessionTemplate$SqlSessionInterceptor.invoke(SqlSessionTemplate.java:425) ~[mybatis-spring-2.1.0.jar:2.1.0]
	at com.sun.proxy.$Proxy61.update(Unknown Source) ~[na:na]
	at org.mybatis.spring.SqlSessionTemplate.update(SqlSessionTemplate.java:288) ~[mybatis-spring-2.1.0.jar:2.1.0]
	at org.apache.ibatis.binding.MapperMethod.execute(MapperMethod.java:67) ~[mybatis-3.5.11.jar:3.5.11]
	at org.apache.ibatis.binding.MapperProxy$PlainMethodInvoker.invoke(MapperProxy.java:145) ~[mybatis-3.5.11.jar:3.5.11]
	at org.apache.ibatis.binding.MapperProxy.invoke(MapperProxy.java:86) ~[mybatis-3.5.11.jar:3.5.11]
	at com.sun.proxy.$Proxy68.addPostman(Unknown Source) ~[na:na]
	at com.lyy.express.Controller.NodeManagerController.postmanChangeStatus(NodeManagerController.java:80) ~[classes/:na]
	at sun.reflect.NativeMethodAccessorImpl.invoke0(Native Method) ~[na:1.8.0_152]
	at sun.reflect.NativeMethodAccessorImpl.invoke(NativeMethodAccessorImpl.java:62) ~[na:1.8.0_152]
	at sun.reflect.DelegatingMethodAccessorImpl.invoke(DelegatingMethodAccessorImpl.java:43) ~[na:1.8.0_152]
	at java.lang.reflect.Method.invoke(Method.java:498) ~[na:1.8.0_152]
	at org.springframework.web.method.support.InvocableHandlerMethod.doInvoke(InvocableHandlerMethod.java:205) ~[spring-web-5.3.27.jar:5.3.27]
	at org.springframework.web.method.support.InvocableHandlerMethod.invokeForRequest(InvocableHandlerMethod.java:150) ~[spring-web-5.3.27.jar:5.3.27]
	at org.springframework.web.servlet.mvc.method.annotation.ServletInvocableHandlerMethod.invokeAndHandle(ServletInvocableHandlerMethod.java:117) ~[spring-webmvc-5.3.27.jar:5.3.27]
	at org.springframework.web.servlet.mvc.method.annotation.RequestMappingHandlerAdapter.invokeHandlerMethod(RequestMappingHandlerAdapter.java:895) ~[spring-webmvc-5.3.27.jar:5.3.27]
	at org.springframework.web.servlet.mvc.method.annotation.RequestMappingHandlerAdapter.handleInternal(RequestMappingHandlerAdapter.java:808) ~[spring-webmvc-5.3.27.jar:5.3.27]
	at org.springframework.web.servlet.mvc.method.AbstractHandlerMethodAdapter.handle(AbstractHandlerMethodAdapter.java:87) ~[spring-webmvc-5.3.27.jar:5.3.27]
	at org.springframework.web.servlet.DispatcherServlet.doDispatch(DispatcherServlet.java:1072) ~[spring-webmvc-5.3.27.jar:5.3.27]
	at org.springframework.web.servlet.DispatcherServlet.doService(DispatcherServlet.java:965) ~[spring-webmvc-5.3.27.jar:5.3.27]
	at org.springframework.web.servlet.FrameworkServlet.processRequest(FrameworkServlet.java:1006) ~[spring-webmvc-5.3.27.jar:5.3.27]
	at org.springframework.web.servlet.FrameworkServlet.doPost(FrameworkServlet.java:909) ~[spring-webmvc-5.3.27.jar:5.3.27]
	at javax.servlet.http.HttpServlet.service(HttpServlet.java:555) ~[tomcat-embed-core-9.0.75.jar:4.0.FR]
	at org.springframework.web.servlet.FrameworkServlet.service(FrameworkServlet.java:883) ~[spring-webmvc-5.3.27.jar:5.3.27]
	at javax.servlet.http.HttpServlet.service(HttpServlet.java:623) ~[tomcat-embed-core-9.0.75.jar:4.0.FR]
	at org.apache.catalina.core.ApplicationFilterChain.internalDoFilter(ApplicationFilterChain.java:209) ~[tomcat-embed-core-9.0.75.jar:9.0.75]
	at org.apache.catalina.core.ApplicationFilterChain.doFilter(ApplicationFilterChain.java:153) ~[tomcat-embed-core-9.0.75.jar:9.0.75]
	at org.apache.tomcat.websocket.server.WsFilter.doFilter(WsFilter.java:51) ~[tomcat-embed-websocket-9.0.75.jar:9.0.75]
	at org.apache.catalina.core.ApplicationFilterChain.internalDoFilter(ApplicationFilterChain.java:178) ~[tomcat-embed-core-9.0.75.jar:9.0.75]
	at org.apache.catalina.core.ApplicationFilterChain.doFilter(ApplicationFilterChain.java:153) ~[tomcat-embed-core-9.0.75.jar:9.0.75]
	at org.springframework.web.filter.RequestContextFilter.doFilterInternal(RequestContextFilter.java:100) ~[spring-web-5.3.27.jar:5.3.27]
	at org.springframework.web.filter.OncePerRequestFilter.doFilter(OncePerRequestFilter.java:117) ~[spring-web-5.3.27.jar:5.3.27]
	at org.apache.catalina.core.ApplicationFilterChain.internalDoFilter(ApplicationFilterChain.java:178) ~[tomcat-embed-core-9.0.75.jar:9.0.75]
	at org.apache.catalina.core.ApplicationFilterChain.doFilter(ApplicationFilterChain.java:153) ~[tomcat-embed-core-9.0.75.jar:9.0.75]
	at org.springframework.web.filter.FormContentFilter.doFilterInternal(FormContentFilter.java:93) ~[spring-web-5.3.27.jar:5.3.27]
	at org.springframework.web.filter.OncePerRequestFilter.doFilter(OncePerRequestFilter.java:117) ~[spring-web-5.3.27.jar:5.3.27]
	at org.apache.catalina.core.ApplicationFilterChain.internalDoFilter(ApplicationFilterChain.java:178) ~[tomcat-embed-core-9.0.75.jar:9.0.75]
	at org.apache.catalina.core.ApplicationFilterChain.doFilter(ApplicationFilterChain.java:153) ~[tomcat-embed-core-9.0.75.jar:9.0.75]
	at org.springframework.web.filter.CharacterEncodingFilter.doFilterInternal(CharacterEncodingFilter.java:201) ~[spring-web-5.3.27.jar:5.3.27]
	at org.springframework.web.filter.OncePerRequestFilter.doFilter(OncePerRequestFilter.java:117) ~[spring-web-5.3.27.jar:5.3.27]
	at org.apache.catalina.core.ApplicationFilterChain.internalDoFilter(ApplicationFilterChain.java:178) ~[tomcat-embed-core-9.0.75.jar:9.0.75]
	at org.apache.catalina.core.ApplicationFilterChain.doFilter(ApplicationFilterChain.java:153) ~[tomcat-embed-core-9.0.75.jar:9.0.75]
	at org.apache.catalina.core.StandardWrapperValve.invoke(StandardWrapperValve.java:167) ~[tomcat-embed-core-9.0.75.jar:9.0.75]
	at org.apache.catalina.core.StandardContextValve.invoke(StandardContextValve.java:90) [tomcat-embed-core-9.0.75.jar:9.0.75]
	at org.apache.catalina.authenticator.AuthenticatorBase.invoke(AuthenticatorBase.java:481) [tomcat-embed-core-9.0.75.jar:9.0.75]
	at org.apache.catalina.core.StandardHostValve.invoke(StandardHostValve.java:130) [tomcat-embed-core-9.0.75.jar:9.0.75]
	at org.apache.catalina.valves.ErrorReportValve.invoke(ErrorReportValve.java:93) [tomcat-embed-core-9.0.75.jar:9.0.75]
	at org.apache.catalina.core.StandardEngineValve.invoke(StandardEngineValve.java:74) [tomcat-embed-core-9.0.75.jar:9.0.75]
	at org.apache.catalina.connector.CoyoteAdapter.service(CoyoteAdapter.java:343) [tomcat-embed-core-9.0.75.jar:9.0.75]
	at org.apache.coyote.http11.Http11Processor.service(Http11Processor.java:390) [tomcat-embed-core-9.0.75.jar:9.0.75]
	at org.apache.coyote.AbstractProcessorLight.process(AbstractProcessorLight.java:63) [tomcat-embed-core-9.0.75.jar:9.0.75]
	at org.apache.coyote.AbstractProtocol$ConnectionHandler.process(AbstractProtocol.java:926) [tomcat-embed-core-9.0.75.jar:9.0.75]
	at org.apache.tomcat.util.net.NioEndpoint$SocketProcessor.doRun(NioEndpoint.java:1791) [tomcat-embed-core-9.0.75.jar:9.0.75]
	at org.apache.tomcat.util.net.SocketProcessorBase.run(SocketProcessorBase.java:52) [tomcat-embed-core-9.0.75.jar:9.0.75]
	at org.apache.tomcat.util.threads.ThreadPoolExecutor.runWorker(ThreadPoolExecutor.java:1191) [tomcat-embed-core-9.0.75.jar:9.0.75]
	at org.apache.tomcat.util.threads.ThreadPoolExecutor$Worker.run(ThreadPoolExecutor.java:659) [tomcat-embed-core-9.0.75.jar:9.0.75]
	at org.apache.tomcat.util.threads.TaskThread$WrappingRunnable.run(TaskThread.java:61) [tomcat-embed-core-9.0.75.jar:9.0.75]
	at java.lang.Thread.run(Thread.java:748) [na:1.8.0_152]

2023-06-14 15:50:04.396  INFO 15428 --- [http-nio-8081-exec-5] c.l.e.Controller.NodeManagerController   : 登录成功
2023-06-14 15:50:11.035  INFO 15428 --- [http-nio-8081-exec-6] c.l.e.Controller.NodeManagerController   : 增加成功
2023-06-14 15:50:13.459  INFO 15428 --- [http-nio-8081-exec-7] c.l.e.Controller.NodeManagerController   : 增加成功
2023-06-14 16:05:06.971  INFO 15428 --- [SpringApplicationShutdownHook] com.zaxxer.hikari.HikariDataSource       : HikariPool-1 - Shutdown initiated...
2023-06-14 16:05:06.981  INFO 15428 --- [SpringApplicationShutdownHook] com.zaxxer.hikari.HikariDataSource       : HikariPool-1 - Shutdown completed.
2023-06-14 16:05:10.173  INFO 13884 --- [main] com.lyy.express.ExpressApplication       : Starting ExpressApplication using Java 1.8.0_152 on zhw with PID 13884 (D:\WorkApps\Idea\IntelliJ IDEA 2022.1.1\workspace\Express\target\classes started by 27414 in D:\WorkApps\Idea\IntelliJ IDEA 2022.1.1\workspace\Express)
2023-06-14 16:05:10.173  INFO 13884 --- [main] com.lyy.express.ExpressApplication       : No active profile set, falling back to 1 default profile: "default"
2023-06-14 16:05:10.711  INFO 13884 --- [main] o.s.b.w.embedded.tomcat.TomcatWebServer  : Tomcat initialized with port(s): 8081 (http)
2023-06-14 16:05:10.721  INFO 13884 --- [main] o.apache.catalina.core.StandardService   : Starting service [Tomcat]
2023-06-14 16:05:10.721  INFO 13884 --- [main] org.apache.catalina.core.StandardEngine  : Starting Servlet engine: [Apache Tomcat/9.0.75]
2023-06-14 16:05:10.781  INFO 13884 --- [main] o.a.c.c.C.[Tomcat].[localhost].[/]       : Initializing Spring embedded WebApplicationContext
2023-06-14 16:05:10.781  INFO 13884 --- [main] w.s.c.ServletWebServerApplicationContext : Root WebApplicationContext: initialization completed in 576 ms
2023-06-14 16:05:11.031  INFO 13884 --- [main] o.s.b.w.embedded.tomcat.TomcatWebServer  : Tomcat started on port(s): 8081 (http) with context path ''
2023-06-14 16:05:11.042  INFO 13884 --- [main] com.lyy.express.ExpressApplication       : Started ExpressApplication in 1.076 seconds (JVM running for 1.48)
2023-06-14 16:05:23.984  INFO 13884 --- [http-nio-8081-exec-1] o.a.c.c.C.[Tomcat].[localhost].[/]       : Initializing Spring DispatcherServlet 'dispatcherServlet'
2023-06-14 16:05:23.985  INFO 13884 --- [http-nio-8081-exec-1] o.s.web.servlet.DispatcherServlet        : Initializing Servlet 'dispatcherServlet'
2023-06-14 16:05:23.985  INFO 13884 --- [http-nio-8081-exec-1] o.s.web.servlet.DispatcherServlet        : Completed initialization in 0 ms
2023-06-14 16:05:24.106  INFO 13884 --- [http-nio-8081-exec-1] com.zaxxer.hikari.HikariDataSource       : HikariPool-1 - Starting...
2023-06-14 16:05:24.173  INFO 13884 --- [http-nio-8081-exec-1] com.zaxxer.hikari.HikariDataSource       : HikariPool-1 - Start completed.
2023-06-14 16:05:24.192  INFO 13884 --- [http-nio-8081-exec-1] c.l.e.Controller.NodeManagerController   : 登录成功
2023-06-14 16:08:42.748  INFO 13884 --- [http-nio-8081-exec-6] c.lyy.express.Controller.UserController  : 登录失败
2023-06-14 16:08:43.856  INFO 13884 --- [http-nio-8081-exec-7] c.l.e.Controller.NodeManagerController   : 登录成功
2023-06-14 16:09:37.301  INFO 13884 --- [http-nio-8081-exec-10] c.l.e.Controller.NodeManagerController   : 登录成功
2023-06-14 16:09:51.294  INFO 13884 --- [http-nio-8081-exec-1] c.l.e.Controller.NodeManagerController   : 修改失败，没有这个快递
2023-06-14 16:09:53.766  INFO 13884 --- [http-nio-8081-exec-3] c.l.e.Controller.NodeManagerController   : 开除成功
2023-06-14 16:09:56.658  INFO 13884 --- [http-nio-8081-exec-2] c.l.e.Controller.NodeManagerController   : 修改失败，没有这个快递
2023-06-14 16:10:08.362  INFO 13884 --- [http-nio-8081-exec-4] c.lyy.express.Controller.UserController  : 登录失败
2023-06-14 16:10:16.617  INFO 13884 --- [http-nio-8081-exec-5] c.l.e.Controller.NodeManagerController   : 登录成功
2023-06-14 16:10:26.862  INFO 13884 --- [http-nio-8081-exec-6] c.lyy.express.Controller.UserController  : 登录成功
2023-06-14 16:26:03.507  INFO 13884 --- [http-nio-8081-exec-10] c.lyy.express.Controller.UserController  : 登录成功
2023-06-14 16:27:45.127  INFO 13884 --- [http-nio-8081-exec-3] c.lyy.express.Controller.UserController  : 登录成功
2023-06-14 16:31:41.173  INFO 13884 --- [http-nio-8081-exec-4] c.lyy.express.Controller.UserController  : 登录成功
2023-06-14 16:37:21.698  INFO 13884 --- [SpringApplicationShutdownHook] com.zaxxer.hikari.HikariDataSource       : HikariPool-1 - Shutdown initiated...
2023-06-14 16:37:21.704  INFO 13884 --- [SpringApplicationShutdownHook] com.zaxxer.hikari.HikariDataSource       : HikariPool-1 - Shutdown completed.
2023-06-14 16:37:25.159  INFO 1632 --- [main] com.lyy.express.ExpressApplication       : Starting ExpressApplication using Java 1.8.0_152 on zhw with PID 1632 (D:\WorkApps\Idea\IntelliJ IDEA 2022.1.1\workspace\Express\target\classes started by 27414 in D:\WorkApps\Idea\IntelliJ IDEA 2022.1.1\workspace\Express)
2023-06-14 16:37:25.159  INFO 1632 --- [main] com.lyy.express.ExpressApplication       : No active profile set, falling back to 1 default profile: "default"
2023-06-14 16:37:25.731  INFO 1632 --- [main] o.s.b.w.embedded.tomcat.TomcatWebServer  : Tomcat initialized with port(s): 8081 (http)
2023-06-14 16:37:25.738  INFO 1632 --- [main] o.apache.catalina.core.StandardService   : Starting service [Tomcat]
2023-06-14 16:37:25.738  INFO 1632 --- [main] org.apache.catalina.core.StandardEngine  : Starting Servlet engine: [Apache Tomcat/9.0.75]
2023-06-14 16:37:25.798  INFO 1632 --- [main] o.a.c.c.C.[Tomcat].[localhost].[/]       : Initializing Spring embedded WebApplicationContext
2023-06-14 16:37:25.798  INFO 1632 --- [main] w.s.c.ServletWebServerApplicationContext : Root WebApplicationContext: initialization completed in 610 ms
2023-06-14 16:37:26.068  INFO 1632 --- [main] o.s.b.w.embedded.tomcat.TomcatWebServer  : Tomcat started on port(s): 8081 (http) with context path ''
2023-06-14 16:37:26.078  INFO 1632 --- [main] com.lyy.express.ExpressApplication       : Started ExpressApplication in 1.158 seconds (JVM running for 1.667)
2023-06-14 16:41:14.508  INFO 1632 --- [http-nio-8081-exec-1] o.a.c.c.C.[Tomcat].[localhost].[/]       : Initializing Spring DispatcherServlet 'dispatcherServlet'
2023-06-14 16:41:14.508  INFO 1632 --- [http-nio-8081-exec-1] o.s.web.servlet.DispatcherServlet        : Initializing Servlet 'dispatcherServlet'
2023-06-14 16:41:14.508  INFO 1632 --- [http-nio-8081-exec-1] o.s.web.servlet.DispatcherServlet        : Completed initialization in 0 ms
2023-06-14 16:41:14.628  INFO 1632 --- [http-nio-8081-exec-1] com.zaxxer.hikari.HikariDataSource       : HikariPool-1 - Starting...
2023-06-14 16:41:14.708  INFO 1632 --- [http-nio-8081-exec-1] com.zaxxer.hikari.HikariDataSource       : HikariPool-1 - Start completed.
2023-06-14 16:41:14.728  INFO 1632 --- [http-nio-8081-exec-1] c.lyy.express.Controller.UserController  : 登录成功
2023-06-14 16:41:45.078  INFO 1632 --- [http-nio-8081-exec-4] c.l.e.Controller.NodeManagerController   : 登录成功
2023-06-14 16:43:44.908  INFO 1632 --- [http-nio-8081-exec-7] c.l.e.Controller.NodeManagerController   : 登录成功
2023-06-14 16:46:54.057  INFO 1632 --- [SpringApplicationShutdownHook] com.zaxxer.hikari.HikariDataSource       : HikariPool-1 - Shutdown initiated...
2023-06-14 16:46:54.057  INFO 1632 --- [SpringApplicationShutdownHook] com.zaxxer.hikari.HikariDataSource       : HikariPool-1 - Shutdown completed.
2023-06-14 16:46:57.242  INFO 12584 --- [main] com.lyy.express.ExpressApplication       : Starting ExpressApplication using Java 1.8.0_152 on zhw with PID 12584 (D:\WorkApps\Idea\IntelliJ IDEA 2022.1.1\workspace\Express\target\classes started by 27414 in D:\WorkApps\Idea\IntelliJ IDEA 2022.1.1\workspace\Express)
2023-06-14 16:46:57.247  INFO 12584 --- [main] com.lyy.express.ExpressApplication       : No active profile set, falling back to 1 default profile: "default"
2023-06-14 16:46:57.798  INFO 12584 --- [main] o.s.b.w.embedded.tomcat.TomcatWebServer  : Tomcat initialized with port(s): 8081 (http)
2023-06-14 16:46:57.798  INFO 12584 --- [main] o.apache.catalina.core.StandardService   : Starting service [Tomcat]
2023-06-14 16:46:57.798  INFO 12584 --- [main] org.apache.catalina.core.StandardEngine  : Starting Servlet engine: [Apache Tomcat/9.0.75]
2023-06-14 16:46:57.867  INFO 12584 --- [main] o.a.c.c.C.[Tomcat].[localhost].[/]       : Initializing Spring embedded WebApplicationContext
2023-06-14 16:46:57.867  INFO 12584 --- [main] w.s.c.ServletWebServerApplicationContext : Root WebApplicationContext: initialization completed in 590 ms
2023-06-14 16:46:58.137  INFO 12584 --- [main] o.s.b.w.embedded.tomcat.TomcatWebServer  : Tomcat started on port(s): 8081 (http) with context path ''
2023-06-14 16:46:58.137  INFO 12584 --- [main] com.lyy.express.ExpressApplication       : Started ExpressApplication in 1.128 seconds (JVM running for 1.565)
2023-06-14 16:49:12.449  INFO 12584 --- [http-nio-8081-exec-1] o.a.c.c.C.[Tomcat].[localhost].[/]       : Initializing Spring DispatcherServlet 'dispatcherServlet'
2023-06-14 16:49:12.449  INFO 12584 --- [http-nio-8081-exec-1] o.s.web.servlet.DispatcherServlet        : Initializing Servlet 'dispatcherServlet'
2023-06-14 16:49:12.457  INFO 12584 --- [http-nio-8081-exec-1] o.s.web.servlet.DispatcherServlet        : Completed initialization in 8 ms
2023-06-14 16:49:12.567  INFO 12584 --- [http-nio-8081-exec-1] com.zaxxer.hikari.HikariDataSource       : HikariPool-1 - Starting...
2023-06-14 16:49:12.647  INFO 12584 --- [http-nio-8081-exec-1] com.zaxxer.hikari.HikariDataSource       : HikariPool-1 - Start completed.
2023-06-14 16:49:20.572  INFO 12584 --- [http-nio-8081-exec-5] c.l.e.Controller.NodeManagerController   : 登录成功
2023-06-14 16:49:55.104  INFO 12584 --- [http-nio-8081-exec-8] c.l.e.Controller.NodeManagerController   : 登录成功
2023-06-14 16:52:10.877  INFO 12584 --- [SpringApplicationShutdownHook] com.zaxxer.hikari.HikariDataSource       : HikariPool-1 - Shutdown initiated...
2023-06-14 16:52:10.886  INFO 12584 --- [SpringApplicationShutdownHook] com.zaxxer.hikari.HikariDataSource       : HikariPool-1 - Shutdown completed.
